<?xml version="1.0" encoding="UTF-8"?>
<!-- Generated by org.testng.reporters.JUnitXMLReporter -->
<testsuite ignored="0" hostname="DESKTOP-73UNNM7" failures="0" tests="11" name="PetstoreTest" time="24.651" errors="0" timestamp="2024-11-23T13:15:13 IST">
  <testcase classname="api.test.UserTests" name="testPostUser" time="5.852"/>
  <testcase classname="api.test.UserTests" name="testGetUser" time="2.084"/>
  <testcase classname="api.test.UserTests" name="testupdateUser" time="3.125"/>
  <testcase classname="api.test.UserTests" name="testDeleteUser" time="1.432"/>
  <testcase classname="api.test.PetTests" name="testAddPet" time="1.603"/>
  <testcase classname="api.test.PetTests" name="testGetPet" time="1.548"/>
  <testcase classname="api.test.PetTests" name="testupdatePet" time="1.493"/>
  <testcase classname="api.test.PetTests" name="testDeletePet" time="1.467"/>
  <testcase classname="api.test.StoreTests" name="testCreateOrder" time="1.543"/>
  <testcase classname="api.test.StoreTests" name="testGetOrder" time="1.534"/>
  <testcase classname="api.test.StoreTests" name="testDeleteOrder" time="1.575"/>
</testsuite> <!-- PetstoreTest -->
